2020-12-19 22:39:06,799 - [test01_register.py-->line:37] - ERROR: 注册成功-带注册名-用例执行失败
2020-12-19 22:39:06,799 - [test01_register.py-->line:38] - ERROR: 0 != 2
2020-12-19 22:39:07,034 - [test01_register.py-->line:41] - ERROR: 成功-不带用户名-用例执行通过
2020-12-19 22:39:07,128 - [test01_register.py-->line:41] - ERROR: 不输入手机号-用例执行通过
2020-12-19 22:39:07,227 - [test01_register.py-->line:41] - ERROR: 手机号长度10位-用例执行通过
2020-12-19 22:39:07,328 - [test01_register.py-->line:41] - ERROR: 不输入密码-用例执行通过
2020-12-19 22:44:03,576 - [test01_register.py-->line:37] - ERROR: 注册成功-带注册名-用例执行失败
2020-12-19 22:44:03,576 - [test01_register.py-->line:38] - ERROR: 0 != 2
Traceback (most recent call last):
  File "D:\python_data\qianchengdai_requests\testcases\test01_register.py", line 34, in test_01
    self.assertEqual(expected['code'], response.json()['code'])
  File "D:\python\lib\unittest\case.py", line 839, in assertEqual
    assertion_func(first, second, msg=msg)
  File "D:\python\lib\unittest\case.py", line 832, in _baseAssertEqual
    raise self.failureException(msg)
AssertionError: 0 != 2
2020-12-19 22:44:03,870 - [test01_register.py-->line:37] - ERROR: 成功-不带用户名-用例执行失败
2020-12-19 22:44:03,870 - [test01_register.py-->line:38] - ERROR: 0 != 2
Traceback (most recent call last):
  File "D:\python_data\qianchengdai_requests\testcases\test01_register.py", line 34, in test_01
    self.assertEqual(expected['code'], response.json()['code'])
  File "D:\python\lib\unittest\case.py", line 839, in assertEqual
    assertion_func(first, second, msg=msg)
  File "D:\python\lib\unittest\case.py", line 832, in _baseAssertEqual
    raise self.failureException(msg)
AssertionError: 0 != 2
2020-12-19 22:44:03,967 - [test01_register.py-->line:41] - ERROR: 不输入手机号-用例执行通过
2020-12-19 22:44:04,066 - [test01_register.py-->line:41] - ERROR: 不输入密码-用例执行通过
2020-12-19 22:46:18,427 - [test01_register.py-->line:37] - ERROR: 注册成功-带注册名-用例执行失败
2020-12-19 22:46:18,428 - [test01_register.py-->line:38] - ERROR: 0 != 2
Traceback (most recent call last):
  File "D:\python_data\qianchengdai_requests\testcases\test01_register.py", line 34, in test_01
    self.assertEqual(expected['code'], response.json()['code'])
  File "D:\python\lib\unittest\case.py", line 839, in assertEqual
    assertion_func(first, second, msg=msg)
  File "D:\python\lib\unittest\case.py", line 832, in _baseAssertEqual
    raise self.failureException(msg)
AssertionError: 0 != 2
2020-12-19 22:46:18,663 - [test01_register.py-->line:37] - ERROR: 成功-不带用户名-用例执行失败
2020-12-19 22:46:18,663 - [test01_register.py-->line:38] - ERROR: 0 != 2
Traceback (most recent call last):
  File "D:\python_data\qianchengdai_requests\testcases\test01_register.py", line 34, in test_01
    self.assertEqual(expected['code'], response.json()['code'])
  File "D:\python\lib\unittest\case.py", line 839, in assertEqual
    assertion_func(first, second, msg=msg)
  File "D:\python\lib\unittest\case.py", line 832, in _baseAssertEqual
    raise self.failureException(msg)
AssertionError: 0 != 2
2020-12-19 22:46:18,750 - [test01_register.py-->line:41] - ERROR: 不输入手机号-用例执行通过
2020-12-19 22:46:18,845 - [test01_register.py-->line:41] - ERROR: 手机号长度10位-用例执行通过
2020-12-19 22:46:18,936 - [test01_register.py-->line:41] - ERROR: 手机号长度12位-用例执行通过
2020-12-19 22:46:19,031 - [test01_register.py-->line:41] - ERROR: 手机号含有非法字符-用例执行通过
2020-12-19 22:46:19,128 - [test01_register.py-->line:37] - ERROR: 密码7位-用例执行失败
2020-12-19 22:46:19,128 - [test01_register.py-->line:38] - ERROR: '无效的手机格式' != '密码格式为8到16位'
- 无效的手机格式
+ 密码格式为8到16位
Traceback (most recent call last):
  File "D:\python_data\qianchengdai_requests\testcases\test01_register.py", line 35, in test_01
    self.assertEqual(expected['msg'], response.json()['msg'])
  File "D:\python\lib\unittest\case.py", line 839, in assertEqual
    assertion_func(first, second, msg=msg)
  File "D:\python\lib\unittest\case.py", line 1220, in assertMultiLineEqual
    self.fail(self._formatMessage(msg, standardMsg))
  File "D:\python\lib\unittest\case.py", line 680, in fail
    raise self.failureException(msg)
AssertionError: '无效的手机格式' != '密码格式为8到16位'
- 无效的手机格式
+ 密码格式为8到16位

2020-12-19 22:46:19,215 - [test01_register.py-->line:41] - ERROR: 密码17位-用例执行通过
2020-12-19 22:46:19,313 - [test01_register.py-->line:41] - ERROR: 不输入密码-用例执行通过
2020-12-19 22:46:19,406 - [test01_register.py-->line:41] - ERROR: 手机号为字符串类型-用例执行通过
2020-12-19 22:47:24,984 - [test01_register.py-->line:37] - ERROR: 注册成功-带注册名-用例执行失败
2020-12-19 22:47:24,984 - [test01_register.py-->line:38] - ERROR: 0 != 2
Traceback (most recent call last):
  File "D:\python_data\qianchengdai_requests\testcases\test01_register.py", line 34, in test_01
    self.assertEqual(expected['code'], response.json()['code'])
  File "D:\python\lib\unittest\case.py", line 839, in assertEqual
    assertion_func(first, second, msg=msg)
  File "D:\python\lib\unittest\case.py", line 832, in _baseAssertEqual
    raise self.failureException(msg)
AssertionError: 0 != 2
2020-12-19 22:47:25,216 - [test01_register.py-->line:37] - ERROR: 成功-不带用户名-用例执行失败
2020-12-19 22:47:25,216 - [test01_register.py-->line:38] - ERROR: 0 != 2
Traceback (most recent call last):
  File "D:\python_data\qianchengdai_requests\testcases\test01_register.py", line 34, in test_01
    self.assertEqual(expected['code'], response.json()['code'])
  File "D:\python\lib\unittest\case.py", line 839, in assertEqual
    assertion_func(first, second, msg=msg)
  File "D:\python\lib\unittest\case.py", line 832, in _baseAssertEqual
    raise self.failureException(msg)
AssertionError: 0 != 2
2020-12-19 22:47:25,313 - [test01_register.py-->line:41] - ERROR: 不输入手机号-用例执行通过
2020-12-19 22:47:25,406 - [test01_register.py-->line:41] - ERROR: 手机号长度10位-用例执行通过
2020-12-19 22:47:25,502 - [test01_register.py-->line:41] - ERROR: 手机号长度12位-用例执行通过
2020-12-19 22:47:25,592 - [test01_register.py-->line:41] - ERROR: 手机号含有非法字符-用例执行通过
2020-12-19 22:47:25,690 - [test01_register.py-->line:37] - ERROR: 密码7位-用例执行失败
2020-12-19 22:47:25,690 - [test01_register.py-->line:38] - ERROR: '无效的手机格式' != '密码格式为8到16位'
- 无效的手机格式
+ 密码格式为8到16位
Traceback (most recent call last):
  File "D:\python_data\qianchengdai_requests\testcases\test01_register.py", line 35, in test_01
    self.assertEqual(expected['msg'], response.json()['msg'])
  File "D:\python\lib\unittest\case.py", line 839, in assertEqual
    assertion_func(first, second, msg=msg)
  File "D:\python\lib\unittest\case.py", line 1220, in assertMultiLineEqual
    self.fail(self._formatMessage(msg, standardMsg))
  File "D:\python\lib\unittest\case.py", line 680, in fail
    raise self.failureException(msg)
AssertionError: '无效的手机格式' != '密码格式为8到16位'
- 无效的手机格式
+ 密码格式为8到16位

2020-12-19 22:47:25,783 - [test01_register.py-->line:41] - ERROR: 密码17位-用例执行通过
2020-12-19 22:47:25,881 - [test01_register.py-->line:41] - ERROR: 不输入密码-用例执行通过
2020-12-19 22:47:25,971 - [test01_register.py-->line:41] - ERROR: 注册名11位-用例执行通过
2020-12-19 22:47:26,059 - [test01_register.py-->line:41] - ERROR: 手机号为字符串类型-用例执行通过
2020-12-19 22:48:21,967 - [test01_register.py-->line:37] - ERROR: 注册成功-带注册名-用例执行失败
2020-12-19 22:48:21,967 - [test01_register.py-->line:38] - ERROR: 0 != 2
Traceback (most recent call last):
  File "D:\python_data\qianchengdai_requests\testcases\test01_register.py", line 34, in test_01
    self.assertEqual(expected['code'], response.json()['code'])
  File "D:\python\lib\unittest\case.py", line 839, in assertEqual
    assertion_func(first, second, msg=msg)
  File "D:\python\lib\unittest\case.py", line 832, in _baseAssertEqual
    raise self.failureException(msg)
AssertionError: 0 != 2
2020-12-19 22:48:22,278 - [test01_register.py-->line:37] - ERROR: 成功-不带用户名-用例执行失败
2020-12-19 22:48:22,278 - [test01_register.py-->line:38] - ERROR: 0 != 2
Traceback (most recent call last):
  File "D:\python_data\qianchengdai_requests\testcases\test01_register.py", line 34, in test_01
    self.assertEqual(expected['code'], response.json()['code'])
  File "D:\python\lib\unittest\case.py", line 839, in assertEqual
    assertion_func(first, second, msg=msg)
  File "D:\python\lib\unittest\case.py", line 832, in _baseAssertEqual
    raise self.failureException(msg)
AssertionError: 0 != 2
2020-12-19 22:48:22,379 - [test01_register.py-->line:41] - ERROR: 不输入手机号-用例执行通过
2020-12-19 22:48:22,470 - [test01_register.py-->line:41] - ERROR: 手机号长度10位-用例执行通过
2020-12-19 22:48:22,568 - [test01_register.py-->line:41] - ERROR: 手机号长度12位-用例执行通过
2020-12-19 22:48:22,661 - [test01_register.py-->line:41] - ERROR: 手机号含有非法字符-用例执行通过
2020-12-19 22:48:22,753 - [test01_register.py-->line:37] - ERROR: 密码7位-用例执行失败
2020-12-19 22:48:22,754 - [test01_register.py-->line:38] - ERROR: '无效的手机格式' != '密码格式为8到16位'
- 无效的手机格式
+ 密码格式为8到16位
Traceback (most recent call last):
  File "D:\python_data\qianchengdai_requests\testcases\test01_register.py", line 35, in test_01
    self.assertEqual(expected['msg'], response.json()['msg'])
  File "D:\python\lib\unittest\case.py", line 839, in assertEqual
    assertion_func(first, second, msg=msg)
  File "D:\python\lib\unittest\case.py", line 1220, in assertMultiLineEqual
    self.fail(self._formatMessage(msg, standardMsg))
  File "D:\python\lib\unittest\case.py", line 680, in fail
    raise self.failureException(msg)
AssertionError: '无效的手机格式' != '密码格式为8到16位'
- 无效的手机格式
+ 密码格式为8到16位

2020-12-19 22:48:22,845 - [test01_register.py-->line:41] - ERROR: 密码17位-用例执行通过
2020-12-19 22:48:22,936 - [test01_register.py-->line:41] - ERROR: 不输入密码-用例执行通过
2020-12-19 22:48:23,030 - [test01_register.py-->line:41] - ERROR: 注册名11位-用例执行通过
2020-12-19 22:48:23,129 - [test01_register.py-->line:41] - ERROR: 手机号为字符串类型-用例执行通过
2020-12-19 22:52:26,950 - [test01_register.py-->line:37] - ERROR: 注册成功-带注册名-用例执行失败
2020-12-19 22:52:27,255 - [test01_register.py-->line:37] - ERROR: 成功-不带用户名-用例执行失败
2020-12-19 22:52:27,351 - [test01_register.py-->line:41] - ERROR: 不输入手机号-用例执行通过
2020-12-19 22:52:27,446 - [test01_register.py-->line:41] - ERROR: 手机号长度10位-用例执行通过
2020-12-19 22:52:27,540 - [test01_register.py-->line:41] - ERROR: 手机号长度12位-用例执行通过
2020-12-19 22:52:27,640 - [test01_register.py-->line:41] - ERROR: 手机号含有非法字符-用例执行通过
2020-12-19 22:52:27,744 - [test01_register.py-->line:37] - ERROR: 密码7位-用例执行失败
2020-12-19 22:52:27,833 - [test01_register.py-->line:41] - ERROR: 密码17位-用例执行通过
2020-12-19 22:52:27,940 - [test01_register.py-->line:41] - ERROR: 不输入密码-用例执行通过
2020-12-19 22:52:28,035 - [test01_register.py-->line:41] - ERROR: 注册名11位-用例执行通过
2020-12-19 22:52:28,130 - [test01_register.py-->line:41] - ERROR: 手机号为字符串类型-用例执行通过
2020-12-19 22:54:58,165 - [test01_register.py-->line:37] - ERROR: 注册成功-带注册名-用例执行失败
2020-12-19 22:54:58,469 - [test01_register.py-->line:37] - ERROR: 成功-不带用户名-用例执行失败
2020-12-19 22:54:58,568 - [test01_register.py-->line:41] - ERROR: 不输入手机号-用例执行通过
2020-12-19 22:54:58,660 - [test01_register.py-->line:41] - ERROR: 手机号长度10位-用例执行通过
2020-12-19 22:54:58,757 - [test01_register.py-->line:41] - ERROR: 手机号长度12位-用例执行通过
2020-12-19 22:54:58,852 - [test01_register.py-->line:41] - ERROR: 手机号含有非法字符-用例执行通过
2020-12-19 22:54:58,948 - [test01_register.py-->line:41] - ERROR: 密码7位-用例执行通过
2020-12-19 22:54:59,040 - [test01_register.py-->line:41] - ERROR: 密码17位-用例执行通过
2020-12-19 22:54:59,135 - [test01_register.py-->line:41] - ERROR: 不输入密码-用例执行通过
2020-12-19 22:54:59,222 - [test01_register.py-->line:41] - ERROR: 注册名11位-用例执行通过
2020-12-19 22:54:59,318 - [test01_register.py-->line:41] - ERROR: 手机号为字符串类型-用例执行通过
2020-12-19 23:03:17,865 - [test01_register.py-->line:42] - ERROR: 注册成功-带注册名-用例执行失败
2020-12-19 23:03:17,991 - [test01_register.py-->line:42] - ERROR: 成功-不带用户名-用例执行失败
2020-12-19 23:03:18,126 - [test01_register.py-->line:50] - ERROR: 不输入手机号-用例执行通过
2020-12-19 23:03:18,260 - [test01_register.py-->line:50] - ERROR: 手机号长度10位-用例执行通过
2020-12-19 23:03:18,392 - [test01_register.py-->line:50] - ERROR: 手机号长度12位-用例执行通过
2020-12-19 23:03:18,530 - [test01_register.py-->line:50] - ERROR: 手机号含有非法字符-用例执行通过
2020-12-19 23:03:18,662 - [test01_register.py-->line:50] - ERROR: 密码7位-用例执行通过
2020-12-19 23:03:18,797 - [test01_register.py-->line:50] - ERROR: 密码17位-用例执行通过
2020-12-19 23:03:18,927 - [test01_register.py-->line:50] - ERROR: 不输入密码-用例执行通过
2020-12-19 23:03:19,053 - [test01_register.py-->line:50] - ERROR: 注册名11位-用例执行通过
2020-12-19 23:03:19,189 - [test01_register.py-->line:50] - ERROR: 手机号为字符串类型-用例执行通过
2020-12-19 23:05:29,273 - [test01_register.py-->line:42] - ERROR: 注册成功-带注册名-用例执行失败
2020-12-19 23:05:29,405 - [test01_register.py-->line:42] - ERROR: 成功-不带用户名-用例执行失败
2020-12-19 23:05:29,523 - [test01_register.py-->line:50] - ERROR: 不输入手机号-用例执行通过
2020-12-19 23:05:29,644 - [test01_register.py-->line:50] - ERROR: 手机号长度10位-用例执行通过
2020-12-19 23:05:29,756 - [test01_register.py-->line:50] - ERROR: 手机号长度12位-用例执行通过
2020-12-19 23:05:29,881 - [test01_register.py-->line:50] - ERROR: 手机号含有非法字符-用例执行通过
2020-12-19 23:05:30,004 - [test01_register.py-->line:50] - ERROR: 密码7位-用例执行通过
2020-12-19 23:05:30,137 - [test01_register.py-->line:50] - ERROR: 密码17位-用例执行通过
2020-12-19 23:05:30,267 - [test01_register.py-->line:50] - ERROR: 不输入密码-用例执行通过
2020-12-19 23:05:30,389 - [test01_register.py-->line:50] - ERROR: 注册名11位-用例执行通过
2020-12-19 23:05:30,524 - [test01_register.py-->line:50] - ERROR: 手机号为字符串类型-用例执行通过
2020-12-19 23:05:30,650 - [test02_login.py-->line:42] - ERROR: 成功登录-用例执行失败
2020-12-19 23:05:30,779 - [test02_login.py-->line:42] - ERROR: 手机号错误-用例执行失败
2020-12-19 23:05:30,924 - [test02_login.py-->line:42] - ERROR: 密码错误-用例执行失败
2020-12-19 23:10:19,492 - [test01_register.py-->line:42] - ERROR: 注册成功-带注册名-用例执行失败
2020-12-19 23:10:19,823 - [test01_register.py-->line:42] - ERROR: 成功-不带用户名-用例执行失败
2020-12-19 23:10:19,946 - [test01_register.py-->line:50] - ERROR: 不输入手机号-用例执行通过
2020-12-19 23:10:20,065 - [test01_register.py-->line:50] - ERROR: 手机号长度10位-用例执行通过
2020-12-19 23:10:20,197 - [test01_register.py-->line:50] - ERROR: 手机号长度12位-用例执行通过
2020-12-19 23:10:20,314 - [test01_register.py-->line:50] - ERROR: 手机号含有非法字符-用例执行通过
2020-12-19 23:10:20,430 - [test01_register.py-->line:50] - ERROR: 密码7位-用例执行通过
2020-12-19 23:10:20,555 - [test01_register.py-->line:50] - ERROR: 密码17位-用例执行通过
2020-12-19 23:10:20,675 - [test01_register.py-->line:50] - ERROR: 不输入密码-用例执行通过
2020-12-19 23:10:20,796 - [test01_register.py-->line:50] - ERROR: 注册名11位-用例执行通过
2020-12-19 23:10:20,924 - [test01_register.py-->line:50] - ERROR: 手机号为字符串类型-用例执行通过
2020-12-19 23:10:21,040 - [test02_login.py-->line:42] - ERROR: 成功登录-用例执行失败
2020-12-19 23:10:21,159 - [test02_login.py-->line:42] - ERROR: 手机号错误-用例执行失败
2020-12-19 23:10:21,284 - [test02_login.py-->line:42] - ERROR: 密码错误-用例执行失败
2020-12-19 23:13:00,031 - [test01_register.py-->line:42] - ERROR: 注册成功-带注册名-用例执行失败
2020-12-19 23:13:00,356 - [test01_register.py-->line:42] - ERROR: 成功-不带用户名-用例执行失败
2020-12-19 23:13:00,494 - [test01_register.py-->line:50] - ERROR: 不输入手机号-用例执行通过
2020-12-19 23:13:00,615 - [test01_register.py-->line:50] - ERROR: 手机号长度10位-用例执行通过
2020-12-19 23:13:00,738 - [test01_register.py-->line:50] - ERROR: 手机号长度12位-用例执行通过
2020-12-19 23:13:00,856 - [test01_register.py-->line:50] - ERROR: 手机号含有非法字符-用例执行通过
2020-12-19 23:13:00,973 - [test01_register.py-->line:50] - ERROR: 密码7位-用例执行通过
2020-12-19 23:13:01,093 - [test01_register.py-->line:50] - ERROR: 密码17位-用例执行通过
2020-12-19 23:13:01,213 - [test01_register.py-->line:50] - ERROR: 不输入密码-用例执行通过
2020-12-19 23:13:01,334 - [test01_register.py-->line:50] - ERROR: 注册名11位-用例执行通过
2020-12-19 23:13:01,464 - [test01_register.py-->line:50] - ERROR: 手机号为字符串类型-用例执行通过
2020-12-19 23:13:01,584 - [test02_login.py-->line:50] - ERROR: 成功登录-用例执行通过
2020-12-19 23:13:01,715 - [test02_login.py-->line:42] - ERROR: 手机号错误-用例执行失败
2020-12-19 23:13:02,044 - [test02_login.py-->line:42] - ERROR: 密码错误-用例执行失败
2020-12-19 23:15:10,681 - [test01_register.py-->line:42] - ERROR: 注册成功-带注册名-用例执行失败
2020-12-19 23:15:11,005 - [test01_register.py-->line:42] - ERROR: 成功-不带用户名-用例执行失败
2020-12-19 23:15:11,133 - [test01_register.py-->line:50] - ERROR: 不输入手机号-用例执行通过
2020-12-19 23:15:11,249 - [test01_register.py-->line:50] - ERROR: 手机号长度10位-用例执行通过
2020-12-19 23:15:11,374 - [test01_register.py-->line:50] - ERROR: 手机号长度12位-用例执行通过
2020-12-19 23:15:11,510 - [test01_register.py-->line:50] - ERROR: 手机号含有非法字符-用例执行通过
2020-12-19 23:15:11,627 - [test01_register.py-->line:50] - ERROR: 密码7位-用例执行通过
2020-12-19 23:15:11,747 - [test01_register.py-->line:50] - ERROR: 密码17位-用例执行通过
2020-12-19 23:15:11,871 - [test01_register.py-->line:50] - ERROR: 不输入密码-用例执行通过
2020-12-19 23:15:11,997 - [test01_register.py-->line:50] - ERROR: 注册名11位-用例执行通过
2020-12-19 23:15:12,136 - [test01_register.py-->line:50] - ERROR: 手机号为字符串类型-用例执行通过
2020-12-19 23:15:12,412 - [test02_login.py-->line:50] - ERROR: 成功登录-用例执行通过
2020-12-19 23:15:12,557 - [test02_login.py-->line:50] - ERROR: 手机号错误-用例执行通过
2020-12-19 23:15:12,829 - [test02_login.py-->line:50] - ERROR: 密码错误-用例执行通过
2020-12-19 23:16:26,754 - [test01_register.py-->line:42] - ERROR: 注册成功-带注册名-用例执行失败
2020-12-19 23:16:26,887 - [test01_register.py-->line:42] - ERROR: 成功-不带用户名-用例执行失败
2020-12-19 23:16:27,011 - [test01_register.py-->line:50] - INFO: 不输入手机号-用例执行通过
2020-12-19 23:16:27,143 - [test01_register.py-->line:50] - INFO: 手机号长度10位-用例执行通过
2020-12-19 23:16:27,278 - [test01_register.py-->line:50] - INFO: 手机号长度12位-用例执行通过
2020-12-19 23:16:27,401 - [test01_register.py-->line:50] - INFO: 手机号含有非法字符-用例执行通过
2020-12-19 23:16:27,529 - [test01_register.py-->line:50] - INFO: 密码7位-用例执行通过
2020-12-19 23:16:27,653 - [test01_register.py-->line:50] - INFO: 密码17位-用例执行通过
2020-12-19 23:16:27,782 - [test01_register.py-->line:50] - INFO: 不输入密码-用例执行通过
2020-12-19 23:16:27,906 - [test01_register.py-->line:50] - INFO: 注册名11位-用例执行通过
2020-12-19 23:16:28,040 - [test01_register.py-->line:50] - INFO: 手机号为字符串类型-用例执行通过
2020-12-19 23:16:28,174 - [test02_login.py-->line:50] - INFO: 成功登录-用例执行通过
2020-12-19 23:16:28,298 - [test02_login.py-->line:50] - INFO: 手机号错误-用例执行通过
2020-12-19 23:16:28,421 - [test02_login.py-->line:50] - INFO: 密码错误-用例执行通过
2020-12-23 21:49:27,436 - [test03_recharge.py-->line:57] - ERROR: 用例执行--充值成功--成功
2020-12-23 21:49:27,543 - [test03_recharge.py-->line:57] - ERROR: 用例执行--金额小于0--成功
2020-12-23 21:51:15,151 - [test03_recharge.py-->line:55] - INFO: 用例执行--充值成功--成功
2020-12-23 21:51:15,253 - [test03_recharge.py-->line:55] - INFO: 用例执行--金额小于0--成功
2020-12-23 21:51:26,767 - [test03_recharge.py-->line:55] - INFO: 用例执行--充值成功--成功
2020-12-23 21:51:26,863 - [test03_recharge.py-->line:55] - INFO: 用例执行--金额小于0--成功
2020-12-23 21:52:04,648 - [test01_register.py-->line:43] - ERROR: 注册成功-带注册名-用例执行失败
2020-12-23 21:52:04,993 - [test01_register.py-->line:43] - ERROR: 成功-不带用户名-用例执行失败
2020-12-23 21:52:05,127 - [test01_register.py-->line:51] - INFO: 不输入手机号-用例执行通过
2020-12-23 21:52:05,258 - [test01_register.py-->line:51] - INFO: 手机号长度10位-用例执行通过
2020-12-23 21:52:05,389 - [test01_register.py-->line:51] - INFO: 手机号长度12位-用例执行通过
2020-12-23 21:52:05,514 - [test01_register.py-->line:51] - INFO: 手机号含有非法字符-用例执行通过
2020-12-23 21:52:05,645 - [test01_register.py-->line:51] - INFO: 密码7位-用例执行通过
2020-12-23 21:52:05,787 - [test01_register.py-->line:51] - INFO: 密码17位-用例执行通过
2020-12-23 21:52:05,925 - [test01_register.py-->line:51] - INFO: 不输入密码-用例执行通过
2020-12-23 21:52:06,059 - [test01_register.py-->line:51] - INFO: 注册名11位-用例执行通过
2020-12-23 21:52:06,198 - [test01_register.py-->line:51] - INFO: 手机号为字符串类型-用例执行通过
2020-12-23 21:52:06,548 - [test02_login.py-->line:50] - INFO: 成功登录-用例执行通过
2020-12-23 21:52:06,688 - [test02_login.py-->line:50] - INFO: 手机号错误-用例执行通过
2020-12-23 21:52:07,024 - [test02_login.py-->line:50] - INFO: 密码错误-用例执行通过
2020-12-23 21:52:07,445 - [test03_recharge.py-->line:55] - INFO: 用例执行--充值成功--成功
2020-12-23 21:52:07,538 - [test03_recharge.py-->line:55] - INFO: 用例执行--金额小于0--成功
2020-12-23 22:01:26,363 - [test01_register.py-->line:48] - ERROR: 注册成功-带注册名-用例执行失败
2020-12-23 22:01:26,495 - [test01_register.py-->line:48] - ERROR: 成功-不带用户名-用例执行失败
2020-12-23 22:01:26,623 - [test01_register.py-->line:56] - INFO: 不输入手机号-用例执行通过
2020-12-23 22:01:26,759 - [test01_register.py-->line:56] - INFO: 手机号长度10位-用例执行通过
2020-12-23 22:01:26,899 - [test01_register.py-->line:56] - INFO: 手机号长度12位-用例执行通过
2020-12-23 22:01:27,032 - [test01_register.py-->line:56] - INFO: 手机号含有非法字符-用例执行通过
2020-12-23 22:01:27,175 - [test01_register.py-->line:56] - INFO: 密码7位-用例执行通过
2020-12-23 22:01:27,305 - [test01_register.py-->line:56] - INFO: 密码17位-用例执行通过
2020-12-23 22:01:27,449 - [test01_register.py-->line:56] - INFO: 不输入密码-用例执行通过
2020-12-23 22:01:27,574 - [test01_register.py-->line:56] - INFO: 注册名11位-用例执行通过
2020-12-23 22:01:27,704 - [test01_register.py-->line:56] - INFO: 手机号为字符串类型-用例执行通过
2020-12-23 22:03:24,544 - [test01_register.py-->line:48] - ERROR: 注册成功-带注册名-用例执行失败
2020-12-23 22:03:24,683 - [test01_register.py-->line:48] - ERROR: 成功-不带用户名-用例执行失败
2020-12-23 22:03:24,819 - [test01_register.py-->line:56] - INFO: 不输入手机号-用例执行通过
2020-12-23 22:03:24,950 - [test01_register.py-->line:56] - INFO: 手机号长度10位-用例执行通过
2020-12-23 22:03:25,077 - [test01_register.py-->line:56] - INFO: 手机号长度12位-用例执行通过
2020-12-23 22:03:25,204 - [test01_register.py-->line:56] - INFO: 手机号含有非法字符-用例执行通过
2020-12-23 22:03:25,337 - [test01_register.py-->line:56] - INFO: 密码7位-用例执行通过
2020-12-23 22:03:25,473 - [test01_register.py-->line:56] - INFO: 密码17位-用例执行通过
2020-12-23 22:03:25,617 - [test01_register.py-->line:56] - INFO: 不输入密码-用例执行通过
2020-12-23 22:03:25,751 - [test01_register.py-->line:56] - INFO: 注册名11位-用例执行通过
2020-12-23 22:03:25,886 - [test01_register.py-->line:56] - INFO: 手机号为字符串类型-用例执行通过
2020-12-23 22:05:21,398 - [test01_register.py-->line:48] - ERROR: 注册成功-带注册名-用例执行失败
2020-12-23 22:05:21,536 - [test01_register.py-->line:48] - ERROR: 成功-不带用户名-用例执行失败
2020-12-23 22:05:21,669 - [test01_register.py-->line:57] - INFO: 不输入手机号-用例执行通过
2020-12-23 22:05:21,805 - [test01_register.py-->line:57] - INFO: 手机号长度10位-用例执行通过
2020-12-23 22:05:21,938 - [test01_register.py-->line:57] - INFO: 手机号长度12位-用例执行通过
2020-12-23 22:05:22,079 - [test01_register.py-->line:57] - INFO: 手机号含有非法字符-用例执行通过
2020-12-23 22:05:22,218 - [test01_register.py-->line:57] - INFO: 密码7位-用例执行通过
2020-12-23 22:05:22,357 - [test01_register.py-->line:57] - INFO: 密码17位-用例执行通过
2020-12-23 22:05:22,501 - [test01_register.py-->line:57] - INFO: 不输入密码-用例执行通过
2020-12-23 22:05:22,632 - [test01_register.py-->line:57] - INFO: 注册名11位-用例执行通过
2020-12-23 22:05:22,767 - [test01_register.py-->line:57] - INFO: 手机号为字符串类型-用例执行通过
2020-12-23 22:05:36,670 - [test01_register.py-->line:48] - ERROR: 注册成功-带注册名-用例执行失败
2020-12-23 22:05:36,804 - [test01_register.py-->line:48] - ERROR: 成功-不带用户名-用例执行失败
2020-12-23 22:05:36,942 - [test01_register.py-->line:57] - INFO: 不输入手机号-用例执行通过
2020-12-23 22:05:37,071 - [test01_register.py-->line:57] - INFO: 手机号长度10位-用例执行通过
2020-12-23 22:05:37,206 - [test01_register.py-->line:57] - INFO: 手机号长度12位-用例执行通过
2020-12-23 22:05:37,342 - [test01_register.py-->line:57] - INFO: 手机号含有非法字符-用例执行通过
2020-12-23 22:05:37,479 - [test01_register.py-->line:57] - INFO: 密码7位-用例执行通过
2020-12-23 22:05:37,612 - [test01_register.py-->line:57] - INFO: 密码17位-用例执行通过
2020-12-23 22:05:37,756 - [test01_register.py-->line:57] - INFO: 不输入密码-用例执行通过
2020-12-23 22:05:37,887 - [test01_register.py-->line:57] - INFO: 注册名11位-用例执行通过
2020-12-23 22:05:38,013 - [test01_register.py-->line:57] - INFO: 手机号为字符串类型-用例执行通过
2020-12-23 22:06:19,412 - [test01_register.py-->line:48] - ERROR: 注册成功-带注册名-用例执行失败
2020-12-23 22:06:19,545 - [test01_register.py-->line:48] - ERROR: 成功-不带用户名-用例执行失败
2020-12-23 22:06:19,676 - [test01_register.py-->line:57] - INFO: 不输入手机号-用例执行通过
2020-12-23 22:06:19,811 - [test01_register.py-->line:57] - INFO: 手机号长度10位-用例执行通过
2020-12-23 22:06:19,957 - [test01_register.py-->line:57] - INFO: 手机号长度12位-用例执行通过
2020-12-23 22:06:20,095 - [test01_register.py-->line:57] - INFO: 手机号含有非法字符-用例执行通过
2020-12-23 22:06:20,224 - [test01_register.py-->line:57] - INFO: 密码7位-用例执行通过
2020-12-23 22:06:20,359 - [test01_register.py-->line:57] - INFO: 密码17位-用例执行通过
2020-12-23 22:06:20,497 - [test01_register.py-->line:57] - INFO: 不输入密码-用例执行通过
2020-12-23 22:06:20,625 - [test01_register.py-->line:57] - INFO: 注册名11位-用例执行通过
2020-12-23 22:06:20,762 - [test01_register.py-->line:57] - INFO: 手机号为字符串类型-用例执行通过
2020-12-23 22:06:39,730 - [test01_register.py-->line:57] - INFO: 注册成功-带注册名-用例执行通过
2020-12-23 22:06:40,104 - [test01_register.py-->line:57] - INFO: 成功-不带用户名-用例执行通过
2020-12-23 22:06:40,234 - [test01_register.py-->line:57] - INFO: 不输入手机号-用例执行通过
2020-12-23 22:06:40,365 - [test01_register.py-->line:57] - INFO: 手机号长度10位-用例执行通过
2020-12-23 22:06:40,499 - [test01_register.py-->line:57] - INFO: 手机号长度12位-用例执行通过
2020-12-23 22:06:40,635 - [test01_register.py-->line:57] - INFO: 手机号含有非法字符-用例执行通过
2020-12-23 22:06:40,768 - [test01_register.py-->line:57] - INFO: 密码7位-用例执行通过
2020-12-23 22:06:40,914 - [test01_register.py-->line:57] - INFO: 密码17位-用例执行通过
2020-12-23 22:06:41,038 - [test01_register.py-->line:57] - INFO: 不输入密码-用例执行通过
2020-12-23 22:06:41,171 - [test01_register.py-->line:57] - INFO: 注册名11位-用例执行通过
2020-12-23 22:06:41,301 - [test01_register.py-->line:57] - INFO: 手机号为字符串类型-用例执行通过
2020-12-23 22:06:51,638 - [test01_register.py-->line:57] - INFO: 注册成功-带注册名-用例执行通过
2020-12-23 22:06:51,982 - [test01_register.py-->line:57] - INFO: 成功-不带用户名-用例执行通过
2020-12-23 22:06:52,115 - [test01_register.py-->line:57] - INFO: 不输入手机号-用例执行通过
2020-12-23 22:06:52,252 - [test01_register.py-->line:57] - INFO: 手机号长度10位-用例执行通过
2020-12-23 22:06:52,388 - [test01_register.py-->line:57] - INFO: 手机号长度12位-用例执行通过
2020-12-23 22:06:52,528 - [test01_register.py-->line:57] - INFO: 手机号含有非法字符-用例执行通过
2020-12-23 22:06:52,662 - [test01_register.py-->line:57] - INFO: 密码7位-用例执行通过
2020-12-23 22:06:52,805 - [test01_register.py-->line:57] - INFO: 密码17位-用例执行通过
2020-12-23 22:06:52,942 - [test01_register.py-->line:57] - INFO: 不输入密码-用例执行通过
2020-12-23 22:06:53,077 - [test01_register.py-->line:57] - INFO: 注册名11位-用例执行通过
2020-12-23 22:06:53,225 - [test01_register.py-->line:57] - INFO: 手机号为字符串类型-用例执行通过
2020-12-23 22:06:53,511 - [test02_login.py-->line:50] - INFO: 成功登录-用例执行通过
2020-12-23 22:06:53,646 - [test02_login.py-->line:50] - INFO: 手机号错误-用例执行通过
2020-12-23 22:06:53,992 - [test02_login.py-->line:50] - INFO: 密码错误-用例执行通过
2020-12-23 22:06:54,194 - [test03_recharge.py-->line:56] - INFO: 用例执行--充值成功--成功
2020-12-23 22:06:54,289 - [test03_recharge.py-->line:56] - INFO: 用例执行--金额小于0--成功
2020-12-24 20:07:33,688 - [test01_register.py-->line:57] - INFO: 注册成功-带注册名-用例执行通过
2020-12-24 20:07:33,841 - [test01_register.py-->line:57] - INFO: 成功-不带用户名-用例执行通过
2020-12-24 20:07:33,980 - [test01_register.py-->line:57] - INFO: 不输入手机号-用例执行通过
2020-12-24 20:07:34,117 - [test01_register.py-->line:57] - INFO: 手机号长度10位-用例执行通过
2020-12-24 20:07:34,265 - [test01_register.py-->line:57] - INFO: 手机号长度12位-用例执行通过
2020-12-24 20:07:34,395 - [test01_register.py-->line:57] - INFO: 手机号含有非法字符-用例执行通过
2020-12-24 20:07:34,535 - [test01_register.py-->line:57] - INFO: 密码7位-用例执行通过
2020-12-24 20:07:34,702 - [test01_register.py-->line:57] - INFO: 密码17位-用例执行通过
2020-12-24 20:07:34,841 - [test01_register.py-->line:57] - INFO: 不输入密码-用例执行通过
2020-12-24 20:07:34,987 - [test01_register.py-->line:57] - INFO: 注册名11位-用例执行通过
2020-12-24 20:07:35,125 - [test01_register.py-->line:57] - INFO: 手机号为字符串类型-用例执行通过
2020-12-24 20:07:35,266 - [test02_login.py-->line:42] - ERROR: 成功登录-用例执行失败
2020-12-24 20:07:35,416 - [test02_login.py-->line:50] - INFO: 手机号错误-用例执行通过
2020-12-24 20:07:35,552 - [test02_login.py-->line:50] - INFO: 密码错误-用例执行通过
2020-12-24 20:08:55,598 - [test01_register.py-->line:57] - INFO: 注册成功-带注册名-用例执行通过
2020-12-24 20:08:55,742 - [test01_register.py-->line:57] - INFO: 成功-不带用户名-用例执行通过
2020-12-24 20:08:55,883 - [test01_register.py-->line:57] - INFO: 不输入手机号-用例执行通过
2020-12-24 20:08:56,022 - [test01_register.py-->line:57] - INFO: 手机号长度10位-用例执行通过
2020-12-24 20:08:56,164 - [test01_register.py-->line:57] - INFO: 手机号长度12位-用例执行通过
2020-12-24 20:08:56,292 - [test01_register.py-->line:57] - INFO: 手机号含有非法字符-用例执行通过
2020-12-24 20:08:56,435 - [test01_register.py-->line:57] - INFO: 密码7位-用例执行通过
2020-12-24 20:08:56,592 - [test01_register.py-->line:57] - INFO: 密码17位-用例执行通过
2020-12-24 20:08:56,726 - [test01_register.py-->line:57] - INFO: 不输入密码-用例执行通过
2020-12-24 20:08:56,867 - [test01_register.py-->line:57] - INFO: 注册名11位-用例执行通过
2020-12-24 20:08:56,997 - [test01_register.py-->line:57] - INFO: 手机号为字符串类型-用例执行通过
2020-12-24 20:08:57,125 - [test02_login.py-->line:50] - INFO: 成功登录-用例执行通过
2020-12-24 20:08:57,262 - [test02_login.py-->line:50] - INFO: 手机号错误-用例执行通过
2020-12-24 20:08:57,396 - [test02_login.py-->line:50] - INFO: 密码错误-用例执行通过
2020-12-24 20:08:57,580 - [test03_recharge.py-->line:56] - INFO: 用例执行--充值成功--成功
2020-12-24 20:08:57,674 - [test03_recharge.py-->line:56] - INFO: 用例执行--金额小于0--成功
2020-12-26 21:05:34,529 - [test01_register.py-->line:57] - INFO: 注册成功-带注册名-用例执行通过
2020-12-26 21:05:34,672 - [test01_register.py-->line:57] - INFO: 成功-不带用户名-用例执行通过
2020-12-26 21:05:34,819 - [test01_register.py-->line:57] - INFO: 不输入手机号-用例执行通过
2020-12-26 21:05:34,974 - [test01_register.py-->line:57] - INFO: 手机号长度10位-用例执行通过
2020-12-26 21:05:35,117 - [test01_register.py-->line:57] - INFO: 手机号长度12位-用例执行通过
2020-12-26 21:05:35,256 - [test01_register.py-->line:57] - INFO: 手机号含有非法字符-用例执行通过
2020-12-26 21:05:35,403 - [test01_register.py-->line:57] - INFO: 密码7位-用例执行通过
2020-12-26 21:05:35,535 - [test01_register.py-->line:57] - INFO: 密码17位-用例执行通过
2020-12-26 21:05:35,672 - [test01_register.py-->line:57] - INFO: 不输入密码-用例执行通过
2020-12-26 21:05:35,816 - [test01_register.py-->line:57] - INFO: 注册名11位-用例执行通过
2020-12-26 21:05:35,958 - [test01_register.py-->line:57] - INFO: 手机号为字符串类型-用例执行通过
2020-12-26 21:05:36,098 - [test02_login.py-->line:50] - INFO: 成功登录-用例执行通过
2020-12-26 21:05:36,236 - [test02_login.py-->line:50] - INFO: 手机号错误-用例执行通过
2020-12-26 21:05:36,383 - [test02_login.py-->line:50] - INFO: 密码错误-用例执行通过
2020-12-26 21:05:36,586 - [test03_recharge.py-->line:56] - INFO: 用例执行--充值成功--成功
2020-12-26 21:05:36,684 - [test03_recharge.py-->line:56] - INFO: 用例执行--金额小于0--成功
2020-12-26 21:05:36,883 - [test04_withdraw.py-->line:56] - INFO: 用例执行--取现成功--成功
2020-12-26 21:05:36,988 - [test04_withdraw.py-->line:56] - INFO: 用例执行--取现金额大于50万--成功
2020-12-26 21:05:37,088 - [test04_withdraw.py-->line:56] - INFO: 用例执行--取现金额小于0元--成功
2020-12-26 21:49:06,355 - [test03_recharge.py-->line:71] - INFO: 用例执行--金额小于0--成功
2020-12-26 21:50:59,970 - [test03_recharge.py-->line:72] - INFO: 用例执行--金额小于0--成功
2020-12-26 21:54:44,352 - [test03_recharge.py-->line:72] - INFO: 用例执行--金额小于0--成功
2020-12-26 22:00:14,810 - [test03_recharge.py-->line:72] - INFO: 用例执行--金额小于0--成功
2020-12-26 22:00:25,113 - [test03_recharge.py-->line:72] - INFO: 用例执行--金额小于0--成功
2020-12-26 22:02:08,930 - [test03_recharge.py-->line:72] - INFO: 用例执行--金额小于0--成功
2020-12-26 22:02:41,671 - [test03_recharge.py-->line:69] - ERROR: 用例执行--充值成功--失败
2020-12-26 22:02:41,858 - [test03_recharge.py-->line:72] - INFO: 用例执行--金额小于0--成功
2020-12-26 22:08:20,834 - [test03_recharge.py-->line:69] - ERROR: 用例执行--充值成功--失败
2020-12-26 22:08:21,123 - [test03_recharge.py-->line:72] - INFO: 用例执行--金额小于0--成功
2020-12-26 22:11:50,362 - [test03_recharge.py-->line:69] - ERROR: 用例执行--充值成功--失败
2020-12-26 22:11:50,658 - [test03_recharge.py-->line:71] - INFO: 用例执行--金额小于0--成功
2020-12-26 22:12:11,166 - [test03_recharge.py-->line:69] - ERROR: 用例执行--充值成功--失败
2020-12-26 22:12:11,454 - [test03_recharge.py-->line:71] - INFO: 用例执行--金额小于0--成功
2020-12-26 22:12:59,852 - [test03_recharge.py-->line:69] - ERROR: 用例执行--充值成功--失败
2020-12-26 22:13:00,136 - [test03_recharge.py-->line:72] - INFO: 用例执行--金额小于0--成功
2020-12-26 22:13:21,468 - [test03_recharge.py-->line:72] - INFO: 用例执行--充值成功--成功
2020-12-26 22:13:21,752 - [test03_recharge.py-->line:72] - INFO: 用例执行--金额小于0--成功
2020-12-26 22:15:50,804 - [test03_recharge.py-->line:71] - INFO: 用例执行--充值成功--成功
2020-12-26 22:15:51,064 - [test03_recharge.py-->line:71] - INFO: 用例执行--金额小于0--成功
2020-12-26 22:15:51,251 - [test04_withdraw.py-->line:56] - INFO: 用例执行--取现成功--成功
2020-12-26 22:15:51,345 - [test04_withdraw.py-->line:56] - INFO: 用例执行--取现金额大于50万--成功
2020-12-26 22:15:51,442 - [test04_withdraw.py-->line:56] - INFO: 用例执行--取现金额小于0元--成功
2020-12-26 22:16:23,952 - [test01_register.py-->line:61] - INFO: 注册成功-带注册名-用例执行通过
2020-12-26 22:16:24,096 - [test01_register.py-->line:61] - INFO: 成功-不带用户名-用例执行通过
2020-12-26 22:16:24,245 - [test01_register.py-->line:61] - INFO: 不输入手机号-用例执行通过
2020-12-26 22:16:24,385 - [test01_register.py-->line:61] - INFO: 手机号长度10位-用例执行通过
2020-12-26 22:16:24,522 - [test01_register.py-->line:61] - INFO: 手机号长度12位-用例执行通过
2020-12-26 22:16:24,678 - [test01_register.py-->line:61] - INFO: 手机号含有非法字符-用例执行通过
2020-12-26 22:16:24,812 - [test01_register.py-->line:61] - INFO: 密码7位-用例执行通过
2020-12-26 22:16:24,957 - [test01_register.py-->line:61] - INFO: 密码17位-用例执行通过
2020-12-26 22:16:25,101 - [test01_register.py-->line:61] - INFO: 不输入密码-用例执行通过
2020-12-26 22:16:25,252 - [test01_register.py-->line:61] - INFO: 注册名11位-用例执行通过
2020-12-26 22:16:25,392 - [test01_register.py-->line:61] - INFO: 手机号为字符串类型-用例执行通过
2020-12-26 22:16:25,538 - [test02_login.py-->line:50] - INFO: 成功登录-用例执行通过
2020-12-26 22:16:25,672 - [test02_login.py-->line:50] - INFO: 手机号错误-用例执行通过
2020-12-26 22:16:25,809 - [test02_login.py-->line:50] - INFO: 密码错误-用例执行通过
2020-12-26 22:16:26,200 - [test03_recharge.py-->line:71] - INFO: 用例执行--充值成功--成功
2020-12-26 22:16:26,480 - [test03_recharge.py-->line:71] - INFO: 用例执行--金额小于0--成功
2020-12-26 22:16:26,682 - [test04_withdraw.py-->line:56] - INFO: 用例执行--取现成功--成功
2020-12-26 22:16:26,779 - [test04_withdraw.py-->line:56] - INFO: 用例执行--取现金额大于50万--成功
2020-12-26 22:16:26,867 - [test04_withdraw.py-->line:56] - INFO: 用例执行--取现金额小于0元--成功
2020-12-26 22:18:46,883 - [test04_withdraw.py-->line:67] - ERROR: 用例执行--取现成功--失败
2020-12-26 22:18:47,162 - [test04_withdraw.py-->line:70] - INFO: 用例执行--取现金额大于50万--成功
2020-12-26 22:18:47,442 - [test04_withdraw.py-->line:70] - INFO: 用例执行--取现金额小于0元--成功
2020-12-26 22:19:13,545 - [test04_withdraw.py-->line:70] - INFO: 用例执行--取现成功--成功
2020-12-26 22:19:13,822 - [test04_withdraw.py-->line:70] - INFO: 用例执行--取现金额大于50万--成功
2020-12-26 22:19:14,105 - [test04_withdraw.py-->line:70] - INFO: 用例执行--取现金额小于0元--成功
2020-12-26 22:40:44,221 - [test03_recharge.py-->line:73] - INFO: 用例执行--充值成功--成功
2020-12-26 22:40:44,504 - [test03_recharge.py-->line:73] - INFO: 用例执行--金额小于0--成功
2020-12-26 22:41:48,826 - [test04_withdraw.py-->line:74] - INFO: 用例执行--取现成功--成功
2020-12-26 22:41:49,106 - [test04_withdraw.py-->line:74] - INFO: 用例执行--取现金额大于50万--成功
2020-12-26 22:41:49,399 - [test04_withdraw.py-->line:74] - INFO: 用例执行--取现金额小于0元--成功
2020-12-26 23:23:14,957 - [test01_register.py-->line:62] - INFO: 注册成功-带注册名-用例执行通过
2020-12-26 23:23:15,105 - [test01_register.py-->line:62] - INFO: 成功-不带用户名-用例执行通过
2020-12-26 23:23:15,245 - [test01_register.py-->line:62] - INFO: 不输入手机号-用例执行通过
2020-12-26 23:23:15,381 - [test01_register.py-->line:62] - INFO: 手机号长度10位-用例执行通过
2020-12-26 23:23:15,522 - [test01_register.py-->line:62] - INFO: 手机号长度12位-用例执行通过
2020-12-26 23:23:15,671 - [test01_register.py-->line:62] - INFO: 手机号含有非法字符-用例执行通过
2020-12-26 23:23:15,810 - [test01_register.py-->line:62] - INFO: 密码7位-用例执行通过
2020-12-26 23:23:15,949 - [test01_register.py-->line:62] - INFO: 密码17位-用例执行通过
2020-12-26 23:23:16,088 - [test01_register.py-->line:62] - INFO: 不输入密码-用例执行通过
2020-12-26 23:23:16,232 - [test01_register.py-->line:62] - INFO: 注册名11位-用例执行通过
2020-12-26 23:23:16,374 - [test01_register.py-->line:62] - INFO: 手机号为字符串类型-用例执行通过
2020-12-26 23:23:16,525 - [test02_login.py-->line:51] - INFO: 成功登录-用例执行通过
2020-12-26 23:23:16,674 - [test02_login.py-->line:51] - INFO: 手机号错误-用例执行通过
2020-12-26 23:23:16,817 - [test02_login.py-->line:51] - INFO: 密码错误-用例执行通过
2020-12-26 23:23:17,195 - [test03_recharge.py-->line:73] - INFO: 用例执行--充值成功--成功
2020-12-26 23:23:17,470 - [test03_recharge.py-->line:73] - INFO: 用例执行--金额小于0--成功
2020-12-26 23:23:17,853 - [test04_withdraw.py-->line:73] - INFO: 用例执行--取现成功--成功
2020-12-26 23:23:18,122 - [test04_withdraw.py-->line:73] - INFO: 用例执行--取现金额大于50万--成功
2020-12-26 23:23:18,401 - [test04_withdraw.py-->line:73] - INFO: 用例执行--取现金额小于0元--成功
2020-12-26 23:52:28,517 - [test05_add.py-->line:62] - INFO: 用例执行--新增成功--成功
2020-12-26 23:52:28,620 - [test05_add.py-->line:62] - INFO: 用例执行--新增失败-期限为37个月--成功
2020-12-26 23:52:28,718 - [test05_add.py-->line:62] - INFO: 用例执行--新增失败-期限为0个月--成功
2020-12-31 09:14:06,499 - [test01_register.py-->line:62] - INFO: 注册成功-带注册名-用例执行通过
2020-12-31 09:14:06,662 - [test01_register.py-->line:62] - INFO: 成功-不带用户名-用例执行通过
2020-12-31 09:14:06,812 - [test01_register.py-->line:62] - INFO: 不输入手机号-用例执行通过
2020-12-31 09:14:06,963 - [test01_register.py-->line:62] - INFO: 手机号长度10位-用例执行通过
2020-12-31 09:14:07,118 - [test01_register.py-->line:62] - INFO: 手机号长度12位-用例执行通过
2020-12-31 09:14:07,262 - [test01_register.py-->line:62] - INFO: 手机号含有非法字符-用例执行通过
2020-12-31 09:14:07,408 - [test01_register.py-->line:62] - INFO: 密码7位-用例执行通过
2020-12-31 09:14:07,562 - [test01_register.py-->line:62] - INFO: 密码17位-用例执行通过
2020-12-31 09:14:07,715 - [test01_register.py-->line:62] - INFO: 不输入密码-用例执行通过
2020-12-31 09:14:07,865 - [test01_register.py-->line:62] - INFO: 注册名11位-用例执行通过
2020-12-31 09:14:08,019 - [test01_register.py-->line:62] - INFO: 手机号为字符串类型-用例执行通过
2020-12-31 09:14:08,180 - [test02_login.py-->line:51] - INFO: 成功登录-用例执行通过
2020-12-31 09:14:08,327 - [test02_login.py-->line:51] - INFO: 手机号错误-用例执行通过
2020-12-31 09:14:08,486 - [test02_login.py-->line:51] - INFO: 密码错误-用例执行通过
2020-12-31 09:14:08,914 - [test03_recharge.py-->line:73] - INFO: 用例执行--充值成功--成功
2020-12-31 09:14:09,199 - [test03_recharge.py-->line:73] - INFO: 用例执行--金额小于0--成功
2020-12-31 09:14:09,587 - [test04_withdraw.py-->line:73] - INFO: 用例执行--取现成功--成功
2020-12-31 09:14:09,867 - [test04_withdraw.py-->line:73] - INFO: 用例执行--取现金额大于50万--成功
2020-12-31 09:14:10,134 - [test04_withdraw.py-->line:73] - INFO: 用例执行--取现金额小于0元--成功
2020-12-31 09:14:10,360 - [test05_add.py-->line:61] - INFO: 用例执行--新增成功--成功
2020-12-31 09:14:10,451 - [test05_add.py-->line:61] - INFO: 用例执行--新增失败-期限为37个月--成功
2020-12-31 09:14:10,543 - [test05_add.py-->line:61] - INFO: 用例执行--新增失败-期限为0个月--成功
2020-12-31 09:39:15,487 - [test01_register.py-->line:62] - INFO: 注册成功-带注册名-用例执行通过
2020-12-31 09:39:15,690 - [test01_register.py-->line:62] - INFO: 成功-不带用户名-用例执行通过
2020-12-31 09:39:15,855 - [test01_register.py-->line:62] - INFO: 不输入手机号-用例执行通过
2020-12-31 09:39:16,019 - [test01_register.py-->line:62] - INFO: 手机号长度10位-用例执行通过
2020-12-31 09:39:16,179 - [test01_register.py-->line:62] - INFO: 手机号长度12位-用例执行通过
2020-12-31 09:39:16,350 - [test01_register.py-->line:62] - INFO: 手机号含有非法字符-用例执行通过
2020-12-31 09:39:16,523 - [test01_register.py-->line:62] - INFO: 密码7位-用例执行通过
2020-12-31 09:39:16,684 - [test01_register.py-->line:62] - INFO: 密码17位-用例执行通过
2020-12-31 09:39:16,863 - [test01_register.py-->line:62] - INFO: 不输入密码-用例执行通过
2020-12-31 09:39:17,020 - [test01_register.py-->line:62] - INFO: 注册名11位-用例执行通过
2020-12-31 09:39:17,176 - [test01_register.py-->line:62] - INFO: 手机号为字符串类型-用例执行通过
2020-12-31 09:39:17,358 - [test02_login.py-->line:51] - INFO: 成功登录-用例执行通过
2020-12-31 09:39:17,521 - [test02_login.py-->line:51] - INFO: 手机号错误-用例执行通过
2020-12-31 09:39:17,681 - [test02_login.py-->line:51] - INFO: 密码错误-用例执行通过
2020-12-31 09:39:18,059 - [test03_recharge.py-->line:73] - INFO: 用例执行--充值成功--成功
2020-12-31 09:39:18,335 - [test03_recharge.py-->line:73] - INFO: 用例执行--金额小于0--成功
2020-12-31 09:39:18,621 - [test05_add.py-->line:61] - INFO: 用例执行--新增成功--成功
2020-12-31 09:39:18,713 - [test05_add.py-->line:61] - INFO: 用例执行--新增失败-期限为37个月--成功
2020-12-31 09:39:18,809 - [test05_add.py-->line:61] - INFO: 用例执行--新增失败-期限为0个月--成功
2020-12-31 09:39:38,957 - [test04_withdraw.py-->line:73] - INFO: 用例执行--取现成功--成功
2020-12-31 09:39:39,239 - [test04_withdraw.py-->line:73] - INFO: 用例执行--取现金额大于50万--成功
2020-12-31 09:39:39,523 - [test04_withdraw.py-->line:73] - INFO: 用例执行--取现金额小于0元--成功
2020-12-31 10:26:50,832 - [test01_register.py-->line:64] - INFO: 不输入手机号-用例执行通过
2020-12-31 10:26:50,990 - [test01_register.py-->line:64] - INFO: 手机号长度10位-用例执行通过
2020-12-31 10:26:51,148 - [test01_register.py-->line:64] - INFO: 手机号长度12位-用例执行通过
2020-12-31 10:26:51,320 - [test01_register.py-->line:64] - INFO: 手机号含有非法字符-用例执行通过
2020-12-31 10:26:51,476 - [test01_register.py-->line:64] - INFO: 密码7位-用例执行通过
2020-12-31 10:26:51,632 - [test01_register.py-->line:64] - INFO: 密码17位-用例执行通过
2020-12-31 10:26:51,793 - [test01_register.py-->line:64] - INFO: 不输入密码-用例执行通过
2020-12-31 10:26:51,953 - [test01_register.py-->line:64] - INFO: 注册名11位-用例执行通过
2020-12-31 10:26:52,113 - [test01_register.py-->line:64] - INFO: 手机号为字符串类型-用例执行通过
2020-12-31 10:34:19,627 - [test01_register.py-->line:55] - ERROR: 注册成功-带注册名-用例执行失败
2020-12-31 10:34:19,793 - [test01_register.py-->line:55] - ERROR: 成功-不带用户名-用例执行失败
2020-12-31 10:34:19,977 - [test01_register.py-->line:64] - INFO: 不输入手机号-用例执行通过
2020-12-31 10:34:20,183 - [test01_register.py-->line:64] - INFO: 手机号长度10位-用例执行通过
2020-12-31 10:34:20,337 - [test01_register.py-->line:64] - INFO: 手机号长度12位-用例执行通过
2020-12-31 10:34:20,497 - [test01_register.py-->line:64] - INFO: 手机号含有非法字符-用例执行通过
2020-12-31 10:34:20,663 - [test01_register.py-->line:64] - INFO: 密码7位-用例执行通过
2020-12-31 10:34:20,831 - [test01_register.py-->line:64] - INFO: 密码17位-用例执行通过
2020-12-31 10:34:20,990 - [test01_register.py-->line:64] - INFO: 不输入密码-用例执行通过
2020-12-31 10:34:21,150 - [test01_register.py-->line:64] - INFO: 注册名11位-用例执行通过
2020-12-31 10:34:21,308 - [test01_register.py-->line:64] - INFO: 手机号为字符串类型-用例执行通过
2020-12-31 10:47:48,396 - [test01_register.py-->line:63] - INFO: 注册成功-带注册名-用例执行通过
2020-12-31 10:47:48,575 - [test01_register.py-->line:63] - INFO: 成功-不带用户名-用例执行通过
2020-12-31 10:47:48,759 - [test01_register.py-->line:63] - INFO: 不输入手机号-用例执行通过
2020-12-31 10:47:48,961 - [test01_register.py-->line:63] - INFO: 手机号长度10位-用例执行通过
2020-12-31 10:47:49,222 - [test01_register.py-->line:63] - INFO: 手机号长度12位-用例执行通过
2020-12-31 10:47:49,443 - [test01_register.py-->line:63] - INFO: 手机号含有非法字符-用例执行通过
2020-12-31 10:47:49,667 - [test01_register.py-->line:63] - INFO: 密码7位-用例执行通过
2020-12-31 10:47:49,908 - [test01_register.py-->line:63] - INFO: 密码17位-用例执行通过
2020-12-31 10:47:50,119 - [test01_register.py-->line:63] - INFO: 不输入密码-用例执行通过
2020-12-31 10:47:50,307 - [test01_register.py-->line:63] - INFO: 注册名11位-用例执行通过
2020-12-31 10:47:50,566 - [test01_register.py-->line:63] - INFO: 手机号为字符串类型-用例执行通过
2020-12-31 10:47:50,766 - [test02_login.py-->line:43] - ERROR: 成功登录-用例执行失败
2020-12-31 10:47:50,979 - [test02_login.py-->line:51] - INFO: 手机号错误-用例执行通过
2020-12-31 10:47:51,190 - [test02_login.py-->line:51] - INFO: 密码错误-用例执行通过
2020-12-31 10:51:52,398 - [test02_login.py-->line:43] - ERROR: 成功登录-用例执行失败
2020-12-31 10:51:52,572 - [test02_login.py-->line:51] - INFO: 手机号错误-用例执行通过
2020-12-31 10:51:52,752 - [test02_login.py-->line:51] - INFO: 密码错误-用例执行通过
2020-12-31 10:53:57,744 - [test02_login.py-->line:43] - ERROR: 成功登录-用例执行失败
2020-12-31 10:53:57,839 - [test02_login.py-->line:51] - INFO: 手机号错误-用例执行通过
2020-12-31 10:53:57,937 - [test02_login.py-->line:51] - INFO: 密码错误-用例执行通过
2020-12-31 11:06:32,655 - [test02_login.py-->line:43] - ERROR: 成功登录-用例执行失败
2020-12-31 11:06:32,752 - [test02_login.py-->line:51] - INFO: 手机号错误-用例执行通过
2020-12-31 11:06:32,849 - [test02_login.py-->line:51] - INFO: 密码错误-用例执行通过
2020-12-31 11:09:03,375 - [test02_login.py-->line:51] - INFO: 成功登录-用例执行通过
2020-12-31 11:09:03,470 - [test02_login.py-->line:51] - INFO: 手机号错误-用例执行通过
2020-12-31 11:09:03,569 - [test02_login.py-->line:51] - INFO: 密码错误-用例执行通过
2020-12-31 11:09:17,499 - [test02_login.py-->line:51] - INFO: 成功登录-用例执行通过
2020-12-31 11:09:17,595 - [test02_login.py-->line:51] - INFO: 手机号错误-用例执行通过
2020-12-31 11:09:17,692 - [test02_login.py-->line:51] - INFO: 密码错误-用例执行通过
2020-12-31 11:09:18,134 - [test05_add.py-->line:61] - INFO: 用例执行--新增成功--成功
2020-12-31 11:09:18,232 - [test05_add.py-->line:61] - INFO: 用例执行--新增失败-期限为37个月--成功
2020-12-31 11:09:18,323 - [test05_add.py-->line:61] - INFO: 用例执行--新增失败-期限为0个月--成功
2020-12-31 11:09:54,448 - [test01_register.py-->line:63] - INFO: 注册成功-带注册名-用例执行通过
2020-12-31 11:09:54,635 - [test01_register.py-->line:63] - INFO: 成功-不带用户名-用例执行通过
2020-12-31 11:09:54,809 - [test01_register.py-->line:63] - INFO: 不输入手机号-用例执行通过
2020-12-31 11:09:54,963 - [test01_register.py-->line:63] - INFO: 手机号长度10位-用例执行通过
2020-12-31 11:09:55,118 - [test01_register.py-->line:63] - INFO: 手机号长度12位-用例执行通过
2020-12-31 11:09:55,278 - [test01_register.py-->line:63] - INFO: 手机号含有非法字符-用例执行通过
2020-12-31 11:09:55,446 - [test01_register.py-->line:63] - INFO: 密码7位-用例执行通过
2020-12-31 11:09:55,603 - [test01_register.py-->line:63] - INFO: 密码17位-用例执行通过
2020-12-31 11:09:55,766 - [test01_register.py-->line:63] - INFO: 不输入密码-用例执行通过
2020-12-31 11:09:55,927 - [test01_register.py-->line:63] - INFO: 注册名11位-用例执行通过
2020-12-31 11:09:56,098 - [test01_register.py-->line:63] - INFO: 手机号为字符串类型-用例执行通过
2020-12-31 11:09:56,195 - [test02_login.py-->line:51] - INFO: 成功登录-用例执行通过
2020-12-31 11:09:56,283 - [test02_login.py-->line:51] - INFO: 手机号错误-用例执行通过
2020-12-31 11:09:56,372 - [test02_login.py-->line:51] - INFO: 密码错误-用例执行通过
2020-12-31 11:09:56,761 - [test05_add.py-->line:61] - INFO: 用例执行--新增成功--成功
2020-12-31 11:09:56,857 - [test05_add.py-->line:61] - INFO: 用例执行--新增失败-期限为37个月--成功
2020-12-31 11:09:56,951 - [test05_add.py-->line:61] - INFO: 用例执行--新增失败-期限为0个月--成功
2020-12-31 11:12:00,919 - [test01_register.py-->line:63] - INFO: 注册成功-带注册名-用例执行通过
2020-12-31 11:12:01,113 - [test01_register.py-->line:63] - INFO: 成功-不带用户名-用例执行通过
2020-12-31 11:12:01,279 - [test01_register.py-->line:63] - INFO: 不输入手机号-用例执行通过
2020-12-31 11:12:01,492 - [test01_register.py-->line:63] - INFO: 手机号长度10位-用例执行通过
2020-12-31 11:12:01,652 - [test01_register.py-->line:63] - INFO: 手机号长度12位-用例执行通过
2020-12-31 11:12:01,806 - [test01_register.py-->line:63] - INFO: 手机号含有非法字符-用例执行通过
2020-12-31 11:12:01,964 - [test01_register.py-->line:63] - INFO: 密码7位-用例执行通过
2020-12-31 11:12:02,121 - [test01_register.py-->line:63] - INFO: 密码17位-用例执行通过
2020-12-31 11:12:02,286 - [test01_register.py-->line:63] - INFO: 不输入密码-用例执行通过
2020-12-31 11:12:02,449 - [test01_register.py-->line:63] - INFO: 注册名11位-用例执行通过
2020-12-31 11:12:02,605 - [test01_register.py-->line:63] - INFO: 手机号为字符串类型-用例执行通过
2020-12-31 11:12:02,704 - [test02_login.py-->line:51] - INFO: 成功登录-用例执行通过
2020-12-31 11:12:02,802 - [test02_login.py-->line:51] - INFO: 手机号错误-用例执行通过
2020-12-31 11:12:02,896 - [test02_login.py-->line:51] - INFO: 密码错误-用例执行通过
2020-12-31 11:12:03,291 - [test05_add.py-->line:61] - INFO: 用例执行--新增成功--成功
2020-12-31 11:12:03,380 - [test05_add.py-->line:61] - INFO: 用例执行--新增失败-期限为37个月--成功
2020-12-31 11:12:03,470 - [test05_add.py-->line:61] - INFO: 用例执行--新增失败-期限为0个月--成功
2020-12-31 11:13:11,457 - [test01_register.py-->line:63] - INFO: 注册成功-带注册名-用例执行通过
2020-12-31 11:13:11,628 - [test01_register.py-->line:63] - INFO: 成功-不带用户名-用例执行通过
2020-12-31 11:13:11,789 - [test01_register.py-->line:63] - INFO: 不输入手机号-用例执行通过
2020-12-31 11:13:11,970 - [test01_register.py-->line:63] - INFO: 手机号长度10位-用例执行通过
2020-12-31 11:13:12,153 - [test01_register.py-->line:63] - INFO: 手机号长度12位-用例执行通过
2020-12-31 11:13:12,312 - [test01_register.py-->line:63] - INFO: 手机号含有非法字符-用例执行通过
2020-12-31 11:13:12,473 - [test01_register.py-->line:63] - INFO: 密码7位-用例执行通过
2020-12-31 11:13:12,654 - [test01_register.py-->line:63] - INFO: 密码17位-用例执行通过
2020-12-31 11:13:12,825 - [test01_register.py-->line:63] - INFO: 不输入密码-用例执行通过
2020-12-31 11:13:12,991 - [test01_register.py-->line:63] - INFO: 注册名11位-用例执行通过
2020-12-31 11:13:13,155 - [test01_register.py-->line:63] - INFO: 手机号为字符串类型-用例执行通过
2020-12-31 11:13:13,256 - [test02_login.py-->line:51] - INFO: 成功登录-用例执行通过
2020-12-31 11:13:13,340 - [test02_login.py-->line:51] - INFO: 手机号错误-用例执行通过
2020-12-31 11:13:13,440 - [test02_login.py-->line:51] - INFO: 密码错误-用例执行通过
2020-12-31 11:13:13,840 - [test03_recharge.py-->line:75] - INFO: 用例执行--充值成功--成功
2020-12-31 11:13:14,118 - [test03_recharge.py-->line:75] - INFO: 用例执行--金额小于0--成功
2020-12-31 11:13:14,480 - [test04_withdraw.py-->line:70] - ERROR: 用例执行--取现成功--失败
2020-12-31 11:13:14,752 - [test04_withdraw.py-->line:73] - INFO: 用例执行--取现金额大于50万--成功
2020-12-31 11:13:15,016 - [test04_withdraw.py-->line:73] - INFO: 用例执行--取现金额小于0元--成功
2020-12-31 11:13:15,223 - [test05_add.py-->line:61] - INFO: 用例执行--新增成功--成功
2020-12-31 11:13:15,312 - [test05_add.py-->line:61] - INFO: 用例执行--新增失败-期限为37个月--成功
2020-12-31 11:13:15,404 - [test05_add.py-->line:61] - INFO: 用例执行--新增失败-期限为0个月--成功
2020-12-31 11:14:46,243 - [test04_withdraw.py-->line:70] - ERROR: 用例执行--取现成功--失败
2020-12-31 11:14:46,547 - [test04_withdraw.py-->line:73] - INFO: 用例执行--取现金额大于50万--成功
2020-12-31 11:14:46,832 - [test04_withdraw.py-->line:73] - INFO: 用例执行--取现金额小于0元--成功
2020-12-31 11:15:37,079 - [test04_withdraw.py-->line:73] - INFO: 用例执行--取现成功--成功
2020-12-31 11:15:37,356 - [test04_withdraw.py-->line:73] - INFO: 用例执行--取现金额大于50万--成功
2020-12-31 11:15:37,621 - [test04_withdraw.py-->line:73] - INFO: 用例执行--取现金额小于0元--成功
2020-12-31 11:15:42,448 - [test04_withdraw.py-->line:70] - ERROR: 用例执行--取现成功--失败
2020-12-31 11:15:42,720 - [test04_withdraw.py-->line:73] - INFO: 用例执行--取现金额大于50万--成功
2020-12-31 11:15:42,991 - [test04_withdraw.py-->line:73] - INFO: 用例执行--取现金额小于0元--成功
2020-12-31 11:15:52,774 - [test01_register.py-->line:63] - INFO: 注册成功-带注册名-用例执行通过
2020-12-31 11:15:52,958 - [test01_register.py-->line:63] - INFO: 成功-不带用户名-用例执行通过
2020-12-31 11:15:53,148 - [test01_register.py-->line:63] - INFO: 不输入手机号-用例执行通过
2020-12-31 11:15:53,308 - [test01_register.py-->line:63] - INFO: 手机号长度10位-用例执行通过
2020-12-31 11:15:53,465 - [test01_register.py-->line:63] - INFO: 手机号长度12位-用例执行通过
2020-12-31 11:15:53,623 - [test01_register.py-->line:63] - INFO: 手机号含有非法字符-用例执行通过
2020-12-31 11:15:53,782 - [test01_register.py-->line:63] - INFO: 密码7位-用例执行通过
2020-12-31 11:15:53,950 - [test01_register.py-->line:63] - INFO: 密码17位-用例执行通过
2020-12-31 11:15:54,105 - [test01_register.py-->line:63] - INFO: 不输入密码-用例执行通过
2020-12-31 11:15:54,260 - [test01_register.py-->line:63] - INFO: 注册名11位-用例执行通过
2020-12-31 11:15:54,440 - [test01_register.py-->line:63] - INFO: 手机号为字符串类型-用例执行通过
2020-12-31 11:15:54,536 - [test02_login.py-->line:51] - INFO: 成功登录-用例执行通过
2020-12-31 11:15:54,628 - [test02_login.py-->line:51] - INFO: 手机号错误-用例执行通过
2020-12-31 11:15:54,723 - [test02_login.py-->line:51] - INFO: 密码错误-用例执行通过
2020-12-31 11:15:55,105 - [test03_recharge.py-->line:75] - INFO: 用例执行--充值成功--成功
2020-12-31 11:15:55,372 - [test03_recharge.py-->line:75] - INFO: 用例执行--金额小于0--成功
2020-12-31 11:15:55,747 - [test04_withdraw.py-->line:73] - INFO: 用例执行--取现成功--成功
2020-12-31 11:15:56,009 - [test04_withdraw.py-->line:73] - INFO: 用例执行--取现金额大于50万--成功
2020-12-31 11:15:56,271 - [test04_withdraw.py-->line:73] - INFO: 用例执行--取现金额小于0元--成功
2020-12-31 11:15:56,467 - [test05_add.py-->line:61] - INFO: 用例执行--新增成功--成功
2020-12-31 11:15:56,555 - [test05_add.py-->line:61] - INFO: 用例执行--新增失败-期限为37个月--成功
2020-12-31 11:15:56,648 - [test05_add.py-->line:61] - INFO: 用例执行--新增失败-期限为0个月--成功
2020-12-31 11:23:24,823 - [test01_register.py-->line:63] - INFO: 注册成功-带注册名-用例执行通过
2020-12-31 11:23:24,986 - [test01_register.py-->line:63] - INFO: 成功-不带用户名-用例执行通过
2020-12-31 11:23:25,147 - [test01_register.py-->line:63] - INFO: 不输入手机号-用例执行通过
2020-12-31 11:23:25,310 - [test01_register.py-->line:63] - INFO: 手机号长度10位-用例执行通过
2020-12-31 11:23:25,506 - [test01_register.py-->line:63] - INFO: 手机号长度12位-用例执行通过
2020-12-31 11:23:25,696 - [test01_register.py-->line:63] - INFO: 手机号含有非法字符-用例执行通过
2020-12-31 11:23:25,878 - [test01_register.py-->line:63] - INFO: 密码7位-用例执行通过
2020-12-31 11:23:26,076 - [test01_register.py-->line:63] - INFO: 密码17位-用例执行通过
2020-12-31 11:23:26,262 - [test01_register.py-->line:63] - INFO: 不输入密码-用例执行通过
2020-12-31 11:23:26,421 - [test01_register.py-->line:63] - INFO: 注册名11位-用例执行通过
2020-12-31 11:23:26,590 - [test01_register.py-->line:63] - INFO: 手机号为字符串类型-用例执行通过
2020-12-31 11:23:26,690 - [test02_login.py-->line:51] - INFO: 成功登录-用例执行通过
2020-12-31 11:23:26,788 - [test02_login.py-->line:51] - INFO: 手机号错误-用例执行通过
2020-12-31 11:23:26,880 - [test02_login.py-->line:51] - INFO: 密码错误-用例执行通过
2020-12-31 11:23:27,249 - [test03_recharge.py-->line:75] - INFO: 用例执行--充值成功--成功
2020-12-31 11:23:27,526 - [test03_recharge.py-->line:75] - INFO: 用例执行--金额小于0--成功
2020-12-31 11:23:27,902 - [test04_withdraw.py-->line:74] - INFO: 用例执行--取现成功--成功
2020-12-31 11:23:28,182 - [test04_withdraw.py-->line:74] - INFO: 用例执行--取现金额大于50万--成功
2020-12-31 11:23:28,444 - [test04_withdraw.py-->line:74] - INFO: 用例执行--取现金额小于0元--成功
2020-12-31 11:23:28,630 - [test05_add.py-->line:63] - INFO: 用例执行--新增成功--成功
2020-12-31 11:23:28,719 - [test05_add.py-->line:63] - INFO: 用例执行--新增失败-期限为37个月--成功
2020-12-31 11:23:28,807 - [test05_add.py-->line:63] - INFO: 用例执行--新增失败-期限为0个月--成功
2020-12-31 18:01:12,266 - [test06_audit.py-->line:75] - ERROR: 用例执行--审核通过--失败
2020-12-31 18:01:12,462 - [test06_audit.py-->line:75] - ERROR: 用例执行--审核失败--失败
2020-12-31 18:02:34,108 - [test06_audit.py-->line:75] - ERROR: 用例执行--审核通过--失败
2020-12-31 18:02:34,291 - [test06_audit.py-->line:75] - ERROR: 用例执行--审核失败--失败
2020-12-31 18:03:23,625 - [test06_audit.py-->line:78] - INFO: 用例执行--审核通过--成功
2020-12-31 18:03:23,819 - [test06_audit.py-->line:78] - INFO: 用例执行--审核失败--成功
2020-12-31 18:11:22,246 - [test06_audit.py-->line:78] - INFO: 用例执行--审核通过--成功
2020-12-31 18:11:22,431 - [test06_audit.py-->line:78] - INFO: 用例执行--审核失败--成功
2020-12-31 19:53:58,184 - [test01_register.py-->line:63] - INFO: 注册成功-带注册名-用例执行通过
2020-12-31 19:53:58,361 - [test01_register.py-->line:63] - INFO: 成功-不带用户名-用例执行通过
2020-12-31 19:53:58,522 - [test01_register.py-->line:63] - INFO: 不输入手机号-用例执行通过
2020-12-31 19:53:58,692 - [test01_register.py-->line:63] - INFO: 手机号长度10位-用例执行通过
2020-12-31 19:53:58,871 - [test01_register.py-->line:63] - INFO: 手机号长度12位-用例执行通过
2020-12-31 19:53:59,029 - [test01_register.py-->line:63] - INFO: 手机号含有非法字符-用例执行通过
2020-12-31 19:53:59,198 - [test01_register.py-->line:63] - INFO: 密码7位-用例执行通过
2020-12-31 19:53:59,355 - [test01_register.py-->line:63] - INFO: 密码17位-用例执行通过
2020-12-31 19:53:59,509 - [test01_register.py-->line:63] - INFO: 不输入密码-用例执行通过
2020-12-31 19:53:59,671 - [test01_register.py-->line:63] - INFO: 注册名11位-用例执行通过
2020-12-31 19:53:59,832 - [test01_register.py-->line:63] - INFO: 手机号为字符串类型-用例执行通过
2020-12-31 19:53:59,938 - [test02_login.py-->line:51] - INFO: 成功登录-用例执行通过
2020-12-31 19:54:00,027 - [test02_login.py-->line:51] - INFO: 手机号错误-用例执行通过
2020-12-31 19:54:00,147 - [test02_login.py-->line:51] - INFO: 密码错误-用例执行通过
2020-12-31 19:54:00,546 - [test03_recharge.py-->line:75] - INFO: 用例执行--充值成功--成功
2020-12-31 19:54:00,838 - [test03_recharge.py-->line:75] - INFO: 用例执行--金额小于0--成功
2020-12-31 19:54:01,270 - [test04_withdraw.py-->line:74] - INFO: 用例执行--取现成功--成功
2020-12-31 19:54:01,573 - [test04_withdraw.py-->line:74] - INFO: 用例执行--取现金额大于50万--成功
2020-12-31 19:54:01,881 - [test04_withdraw.py-->line:74] - INFO: 用例执行--取现金额小于0元--成功
2020-12-31 19:54:02,111 - [test05_add.py-->line:63] - INFO: 用例执行--新增成功--成功
2020-12-31 19:54:02,215 - [test05_add.py-->line:63] - INFO: 用例执行--新增失败-期限为37个月--成功
2020-12-31 19:54:02,316 - [test05_add.py-->line:63] - INFO: 用例执行--新增失败-期限为0个月--成功
2020-12-31 19:54:02,600 - [test06_audit.py-->line:78] - INFO: 用例执行--审核通过--成功
2020-12-31 19:54:02,793 - [test06_audit.py-->line:78] - INFO: 用例执行--审核失败--成功
2021-01-05 20:04:33,745 - [test01_register.py-->line:63] - INFO: 注册成功-带注册名-用例执行通过
2021-01-05 20:04:33,941 - [test01_register.py-->line:63] - INFO: 成功-不带用户名-用例执行通过
2021-01-05 20:04:34,134 - [test01_register.py-->line:63] - INFO: 不输入手机号-用例执行通过
2021-01-05 20:04:34,329 - [test01_register.py-->line:63] - INFO: 手机号长度10位-用例执行通过
2021-01-05 20:04:34,518 - [test01_register.py-->line:63] - INFO: 手机号长度12位-用例执行通过
2021-01-05 20:04:34,716 - [test01_register.py-->line:63] - INFO: 手机号含有非法字符-用例执行通过
2021-01-05 20:04:34,887 - [test01_register.py-->line:63] - INFO: 密码7位-用例执行通过
2021-01-05 20:04:35,086 - [test01_register.py-->line:63] - INFO: 密码17位-用例执行通过
2021-01-05 20:04:35,259 - [test01_register.py-->line:63] - INFO: 不输入密码-用例执行通过
2021-01-05 20:04:35,429 - [test01_register.py-->line:63] - INFO: 注册名11位-用例执行通过
2021-01-05 20:04:35,610 - [test01_register.py-->line:63] - INFO: 手机号为字符串类型-用例执行通过
2021-01-05 20:04:35,720 - [test02_login.py-->line:51] - INFO: 成功登录-用例执行通过
2021-01-05 20:04:35,809 - [test02_login.py-->line:51] - INFO: 手机号错误-用例执行通过
2021-01-05 20:04:35,916 - [test02_login.py-->line:51] - INFO: 密码错误-用例执行通过
2021-01-05 20:04:36,305 - [test03_recharge.py-->line:75] - INFO: 用例执行--充值成功--成功
2021-01-05 20:04:36,597 - [test03_recharge.py-->line:75] - INFO: 用例执行--金额小于0--成功
2021-01-05 20:04:36,997 - [test04_withdraw.py-->line:74] - INFO: 用例执行--取现成功--成功
2021-01-05 20:04:37,313 - [test04_withdraw.py-->line:74] - INFO: 用例执行--取现金额大于50万--成功
2021-01-05 20:04:37,611 - [test04_withdraw.py-->line:74] - INFO: 用例执行--取现金额小于0元--成功
2021-01-05 20:04:37,817 - [test05_add.py-->line:61] - INFO: 用例执行--新增成功--成功
2021-01-05 20:04:37,908 - [test05_add.py-->line:61] - INFO: 用例执行--新增失败-期限为37个月--成功
2021-01-05 20:04:37,996 - [test05_add.py-->line:61] - INFO: 用例执行--新增失败-期限为0个月--成功
2021-01-05 20:04:38,280 - [test06_audit.py-->line:78] - INFO: 用例执行--审核通过--成功
2021-01-05 20:04:38,482 - [test06_audit.py-->line:78] - INFO: 用例执行--审核失败--成功
2021-01-05 20:04:38,873 - [test07_invest.py-->line:82] - INFO: 用例执行--投资成功--成功
2021-01-05 20:04:39,399 - [test07_invest.py-->line:82] - INFO: 用例执行--投资失败-金额不是100的正整数--成功
2021-01-09 15:38:54,784 - [test01_register.py-->line:63] - INFO: 注册成功-带注册名-用例执行通过
2021-01-09 15:38:54,988 - [test01_register.py-->line:63] - INFO: 成功-不带用户名-用例执行通过
2021-01-09 15:38:55,178 - [test01_register.py-->line:63] - INFO: 不输入手机号-用例执行通过
2021-01-09 15:38:55,358 - [test01_register.py-->line:63] - INFO: 手机号长度10位-用例执行通过
2021-01-09 15:38:55,521 - [test01_register.py-->line:63] - INFO: 手机号长度12位-用例执行通过
2021-01-09 15:38:55,693 - [test01_register.py-->line:63] - INFO: 手机号含有非法字符-用例执行通过
2021-01-09 15:38:55,870 - [test01_register.py-->line:63] - INFO: 密码7位-用例执行通过
2021-01-09 15:38:56,040 - [test01_register.py-->line:63] - INFO: 密码17位-用例执行通过
2021-01-09 15:38:56,207 - [test01_register.py-->line:63] - INFO: 不输入密码-用例执行通过
2021-01-09 15:38:56,382 - [test01_register.py-->line:63] - INFO: 注册名11位-用例执行通过
2021-01-09 15:38:56,558 - [test01_register.py-->line:63] - INFO: 手机号为字符串类型-用例执行通过
2021-01-09 15:38:56,680 - [test02_login.py-->line:51] - INFO: 成功登录-用例执行通过
2021-01-09 15:38:56,779 - [test02_login.py-->line:51] - INFO: 手机号错误-用例执行通过
2021-01-09 15:38:56,895 - [test02_login.py-->line:51] - INFO: 密码错误-用例执行通过
2021-01-09 15:38:57,292 - [test03_recharge.py-->line:75] - INFO: 用例执行--充值成功--成功
2021-01-09 15:38:57,608 - [test03_recharge.py-->line:75] - INFO: 用例执行--金额小于0--成功
2021-01-09 15:38:58,073 - [test04_withdraw.py-->line:74] - INFO: 用例执行--取现成功--成功
2021-01-09 15:38:58,404 - [test04_withdraw.py-->line:74] - INFO: 用例执行--取现金额大于50万--成功
2021-01-09 15:38:58,730 - [test04_withdraw.py-->line:74] - INFO: 用例执行--取现金额小于0元--成功
2021-01-09 15:38:58,953 - [test05_add.py-->line:61] - INFO: 用例执行--新增成功--成功
2021-01-09 15:38:59,052 - [test05_add.py-->line:61] - INFO: 用例执行--新增失败-期限为37个月--成功
2021-01-09 15:38:59,147 - [test05_add.py-->line:61] - INFO: 用例执行--新增失败-期限为0个月--成功
2021-01-09 15:38:59,454 - [test06_audit.py-->line:78] - INFO: 用例执行--审核通过--成功
2021-01-09 15:38:59,656 - [test06_audit.py-->line:78] - INFO: 用例执行--审核失败--成功
2021-01-09 15:39:00,067 - [test07_invest.py-->line:83] - INFO: 用例执行--投资成功--成功
2021-01-09 15:39:00,624 - [test07_invest.py-->line:83] - INFO: 用例执行--投资失败-金额不是100的正整数--成功
2021-01-09 15:41:26,382 - [test01_register.py-->line:63] - INFO: 注册成功-带注册名-用例执行通过
2021-01-09 15:41:26,573 - [test01_register.py-->line:63] - INFO: 成功-不带用户名-用例执行通过
2021-01-09 15:41:26,723 - [test01_register.py-->line:63] - INFO: 不输入手机号-用例执行通过
2021-01-09 15:41:26,869 - [test01_register.py-->line:63] - INFO: 手机号长度10位-用例执行通过
2021-01-09 15:41:27,022 - [test01_register.py-->line:63] - INFO: 手机号长度12位-用例执行通过
2021-01-09 15:41:27,181 - [test01_register.py-->line:63] - INFO: 手机号含有非法字符-用例执行通过
2021-01-09 15:41:27,339 - [test01_register.py-->line:63] - INFO: 密码7位-用例执行通过
2021-01-09 15:41:27,493 - [test01_register.py-->line:63] - INFO: 密码17位-用例执行通过
2021-01-09 15:41:27,642 - [test01_register.py-->line:63] - INFO: 不输入密码-用例执行通过
2021-01-09 15:41:27,784 - [test01_register.py-->line:63] - INFO: 注册名11位-用例执行通过
2021-01-09 15:41:27,934 - [test01_register.py-->line:63] - INFO: 手机号为字符串类型-用例执行通过
2021-01-09 15:41:28,056 - [test02_login.py-->line:51] - INFO: 成功登录-用例执行通过
2021-01-09 15:41:28,160 - [test02_login.py-->line:51] - INFO: 手机号错误-用例执行通过
2021-01-09 15:41:28,281 - [test02_login.py-->line:51] - INFO: 密码错误-用例执行通过
2021-01-09 15:41:28,724 - [test03_recharge.py-->line:75] - INFO: 用例执行--充值成功--成功
2021-01-09 15:41:29,039 - [test03_recharge.py-->line:75] - INFO: 用例执行--金额小于0--成功
2021-01-09 15:41:29,471 - [test04_withdraw.py-->line:74] - INFO: 用例执行--取现成功--成功
2021-01-09 15:41:29,789 - [test04_withdraw.py-->line:74] - INFO: 用例执行--取现金额大于50万--成功
2021-01-09 15:41:30,116 - [test04_withdraw.py-->line:74] - INFO: 用例执行--取现金额小于0元--成功
2021-01-09 15:41:30,328 - [test05_add.py-->line:61] - INFO: 用例执行--新增成功--成功
2021-01-09 15:41:30,427 - [test05_add.py-->line:61] - INFO: 用例执行--新增失败-期限为37个月--成功
2021-01-09 15:41:30,517 - [test05_add.py-->line:61] - INFO: 用例执行--新增失败-期限为0个月--成功
2021-01-09 15:41:30,805 - [test06_audit.py-->line:78] - INFO: 用例执行--审核通过--成功
2021-01-09 15:41:31,006 - [test06_audit.py-->line:78] - INFO: 用例执行--审核失败--成功
2021-01-09 15:41:31,405 - [test07_invest.py-->line:83] - INFO: 用例执行--投资成功--成功
2021-01-09 15:41:31,703 - [test07_invest.py-->line:83] - INFO: 用例执行--投资失败-金额不是100的正整数--成功
2021-01-09 15:58:58,034 - [test03_recharge.py-->line:68] - INFO: 用例执行--充值成功--成功
2021-01-09 15:58:58,336 - [test03_recharge.py-->line:68] - INFO: 用例执行--金额小于0--成功
2021-01-09 15:59:52,330 - [test04_withdraw.py-->line:67] - INFO: 用例执行--取现成功--成功
2021-01-09 15:59:52,644 - [test04_withdraw.py-->line:67] - INFO: 用例执行--取现金额大于50万--成功
2021-01-09 15:59:52,949 - [test04_withdraw.py-->line:67] - INFO: 用例执行--取现金额小于0元--成功
2021-01-09 16:00:41,294 - [test05_add.py-->line:54] - INFO: 用例执行--新增成功--成功
2021-01-09 16:00:41,397 - [test05_add.py-->line:54] - INFO: 用例执行--新增失败-期限为37个月--成功
2021-01-09 16:00:41,496 - [test05_add.py-->line:54] - INFO: 用例执行--新增失败-期限为0个月--成功
2021-01-09 16:01:27,675 - [test06_audit.py-->line:60] - INFO: 用例执行--审核通过--成功
2021-01-09 16:01:27,881 - [test06_audit.py-->line:60] - INFO: 用例执行--审核失败--成功
2021-01-09 16:03:06,220 - [test07_invest.py-->line:65] - INFO: 用例执行--投资成功--成功
2021-01-09 16:03:06,502 - [test07_invest.py-->line:65] - INFO: 用例执行--投资失败-金额不是100的正整数--成功
2021-01-09 16:04:07,638 - [test01_register.py-->line:63] - INFO: 注册成功-带注册名-用例执行通过
2021-01-09 16:04:07,816 - [test01_register.py-->line:63] - INFO: 成功-不带用户名-用例执行通过
2021-01-09 16:04:07,964 - [test01_register.py-->line:63] - INFO: 不输入手机号-用例执行通过
2021-01-09 16:04:08,111 - [test01_register.py-->line:63] - INFO: 手机号长度10位-用例执行通过
2021-01-09 16:04:08,274 - [test01_register.py-->line:63] - INFO: 手机号长度12位-用例执行通过
2021-01-09 16:04:08,425 - [test01_register.py-->line:63] - INFO: 手机号含有非法字符-用例执行通过
2021-01-09 16:04:08,577 - [test01_register.py-->line:63] - INFO: 密码7位-用例执行通过
2021-01-09 16:04:08,721 - [test01_register.py-->line:63] - INFO: 密码17位-用例执行通过
2021-01-09 16:04:08,876 - [test01_register.py-->line:63] - INFO: 不输入密码-用例执行通过
2021-01-09 16:04:09,043 - [test01_register.py-->line:63] - INFO: 注册名11位-用例执行通过
2021-01-09 16:04:09,194 - [test01_register.py-->line:63] - INFO: 手机号为字符串类型-用例执行通过
2021-01-09 16:04:09,313 - [test02_login.py-->line:51] - INFO: 成功登录-用例执行通过
2021-01-09 16:04:09,414 - [test02_login.py-->line:51] - INFO: 手机号错误-用例执行通过
2021-01-09 16:04:09,533 - [test02_login.py-->line:51] - INFO: 密码错误-用例执行通过
2021-01-09 16:04:09,918 - [test03_recharge.py-->line:68] - INFO: 用例执行--充值成功--成功
2021-01-09 16:04:10,208 - [test03_recharge.py-->line:68] - INFO: 用例执行--金额小于0--成功
2021-01-09 16:04:10,638 - [test04_withdraw.py-->line:67] - INFO: 用例执行--取现成功--成功
2021-01-09 16:04:10,934 - [test04_withdraw.py-->line:67] - INFO: 用例执行--取现金额大于50万--成功
2021-01-09 16:04:11,249 - [test04_withdraw.py-->line:67] - INFO: 用例执行--取现金额小于0元--成功
2021-01-09 16:04:11,465 - [test05_add.py-->line:54] - INFO: 用例执行--新增成功--成功
2021-01-09 16:04:11,560 - [test05_add.py-->line:54] - INFO: 用例执行--新增失败-期限为37个月--成功
2021-01-09 16:04:11,649 - [test05_add.py-->line:54] - INFO: 用例执行--新增失败-期限为0个月--成功
2021-01-09 16:04:11,928 - [test06_audit.py-->line:60] - INFO: 用例执行--审核通过--成功
2021-01-09 16:04:12,126 - [test06_audit.py-->line:60] - INFO: 用例执行--审核失败--成功
2021-01-09 16:04:12,541 - [test07_invest.py-->line:65] - INFO: 用例执行--投资成功--成功
2021-01-09 16:04:12,833 - [test07_invest.py-->line:65] - INFO: 用例执行--投资失败-金额不是100的正整数--成功
2021-01-09 16:13:57,191 - [test01_register.py-->line:63] - INFO: 注册成功-带注册名-用例执行通过
2021-01-09 16:13:57,363 - [test01_register.py-->line:63] - INFO: 成功-不带用户名-用例执行通过
2021-01-09 16:13:57,510 - [test01_register.py-->line:63] - INFO: 不输入手机号-用例执行通过
2021-01-09 16:13:57,666 - [test01_register.py-->line:63] - INFO: 手机号长度10位-用例执行通过
2021-01-09 16:13:57,825 - [test01_register.py-->line:63] - INFO: 手机号长度12位-用例执行通过
2021-01-09 16:13:57,976 - [test01_register.py-->line:63] - INFO: 手机号含有非法字符-用例执行通过
2021-01-09 16:13:58,148 - [test01_register.py-->line:63] - INFO: 密码7位-用例执行通过
2021-01-09 16:13:58,308 - [test01_register.py-->line:63] - INFO: 密码17位-用例执行通过
2021-01-09 16:13:58,455 - [test01_register.py-->line:63] - INFO: 不输入密码-用例执行通过
2021-01-09 16:13:58,604 - [test01_register.py-->line:63] - INFO: 注册名11位-用例执行通过
2021-01-09 16:13:58,759 - [test01_register.py-->line:63] - INFO: 手机号为字符串类型-用例执行通过
2021-01-09 16:13:58,874 - [test02_login.py-->line:51] - INFO: 成功登录-用例执行通过
2021-01-09 16:13:58,986 - [test02_login.py-->line:51] - INFO: 手机号错误-用例执行通过
2021-01-09 16:13:59,107 - [test02_login.py-->line:51] - INFO: 密码错误-用例执行通过
2021-01-09 16:13:59,506 - [test03_recharge.py-->line:68] - INFO: 用例执行--充值成功--成功
2021-01-09 16:13:59,802 - [test03_recharge.py-->line:68] - INFO: 用例执行--金额小于0--成功
2021-01-09 16:14:00,237 - [test04_withdraw.py-->line:67] - INFO: 用例执行--取现成功--成功
2021-01-09 16:14:00,553 - [test04_withdraw.py-->line:67] - INFO: 用例执行--取现金额大于50万--成功
2021-01-09 16:14:00,859 - [test04_withdraw.py-->line:67] - INFO: 用例执行--取现金额小于0元--成功
2021-01-09 16:14:01,080 - [test05_add.py-->line:54] - INFO: 用例执行--新增成功--成功
2021-01-09 16:14:01,178 - [test05_add.py-->line:54] - INFO: 用例执行--新增失败-期限为37个月--成功
2021-01-09 16:14:01,280 - [test05_add.py-->line:54] - INFO: 用例执行--新增失败-期限为0个月--成功
2021-01-09 16:14:01,575 - [test06_audit.py-->line:60] - INFO: 用例执行--审核通过--成功
2021-01-09 16:14:01,776 - [test06_audit.py-->line:60] - INFO: 用例执行--审核失败--成功
2021-01-09 16:14:02,163 - [test07_invest.py-->line:65] - INFO: 用例执行--投资成功--成功
2021-01-09 16:14:02,453 - [test07_invest.py-->line:65] - INFO: 用例执行--投资失败-金额不是100的正整数--成功
2021-01-09 16:15:02,674 - [test01_register.py-->line:63] - INFO: 注册成功-带注册名-用例执行通过
2021-01-09 16:15:02,843 - [test01_register.py-->line:63] - INFO: 成功-不带用户名-用例执行通过
2021-01-09 16:15:03,002 - [test01_register.py-->line:63] - INFO: 不输入手机号-用例执行通过
2021-01-09 16:15:03,166 - [test01_register.py-->line:63] - INFO: 手机号长度10位-用例执行通过
2021-01-09 16:15:03,321 - [test01_register.py-->line:63] - INFO: 手机号长度12位-用例执行通过
2021-01-09 16:15:03,485 - [test01_register.py-->line:63] - INFO: 手机号含有非法字符-用例执行通过
2021-01-09 16:15:03,650 - [test01_register.py-->line:63] - INFO: 密码7位-用例执行通过
2021-01-09 16:15:03,802 - [test01_register.py-->line:63] - INFO: 密码17位-用例执行通过
2021-01-09 16:15:03,963 - [test01_register.py-->line:63] - INFO: 不输入密码-用例执行通过
2021-01-09 16:15:04,116 - [test01_register.py-->line:63] - INFO: 注册名11位-用例执行通过
2021-01-09 16:15:04,277 - [test01_register.py-->line:63] - INFO: 手机号为字符串类型-用例执行通过
2021-01-09 16:15:04,393 - [test02_login.py-->line:51] - INFO: 成功登录-用例执行通过
2021-01-09 16:15:04,483 - [test02_login.py-->line:51] - INFO: 手机号错误-用例执行通过
2021-01-09 16:15:04,603 - [test02_login.py-->line:51] - INFO: 密码错误-用例执行通过
2021-01-09 16:15:04,994 - [test03_recharge.py-->line:68] - INFO: 用例执行--充值成功--成功
2021-01-09 16:15:05,287 - [test03_recharge.py-->line:68] - INFO: 用例执行--金额小于0--成功
2021-01-09 16:15:05,716 - [test04_withdraw.py-->line:67] - INFO: 用例执行--取现成功--成功
2021-01-09 16:15:06,027 - [test04_withdraw.py-->line:67] - INFO: 用例执行--取现金额大于50万--成功
2021-01-09 16:15:06,335 - [test04_withdraw.py-->line:67] - INFO: 用例执行--取现金额小于0元--成功
2021-01-09 16:15:06,547 - [test05_add.py-->line:54] - INFO: 用例执行--新增成功--成功
2021-01-09 16:15:06,643 - [test05_add.py-->line:54] - INFO: 用例执行--新增失败-期限为37个月--成功
2021-01-09 16:15:06,748 - [test05_add.py-->line:54] - INFO: 用例执行--新增失败-期限为0个月--成功
2021-01-09 16:15:07,043 - [test06_audit.py-->line:60] - INFO: 用例执行--审核通过--成功
2021-01-09 16:15:07,242 - [test06_audit.py-->line:60] - INFO: 用例执行--审核失败--成功
2021-01-09 16:15:07,654 - [test07_invest.py-->line:65] - INFO: 用例执行--投资成功--成功
2021-01-09 16:15:07,967 - [test07_invest.py-->line:65] - INFO: 用例执行--投资失败-金额不是100的正整数--成功
